:::MLLOG {"namespace": "", "time_ms": 1641783572671, "event_type": "POINT_IN_TIME", "key": "submission_benchmark", "value": "dlrm", "metadata": {"file": "/home/vmagent/app/hydro.ai/modelzoo/dlrm/dlrm/mlperf_logger.py", "lineno": 88}}
:::MLLOG {"namespace": "", "time_ms": 1641783572672, "event_type": "POINT_IN_TIME", "key": "submission_org", "value": "reference_implementation", "metadata": {"file": "/home/vmagent/app/hydro.ai/modelzoo/dlrm/dlrm/mlperf_logger.py", "lineno": 93}}
:::MLLOG {"namespace": "", "time_ms": 1641783572672, "event_type": "POINT_IN_TIME", "key": "submission_division", "value": "closed", "metadata": {"file": "/home/vmagent/app/hydro.ai/modelzoo/dlrm/dlrm/mlperf_logger.py", "lineno": 97}}
:::MLLOG {"namespace": "", "time_ms": 1641783572672, "event_type": "POINT_IN_TIME", "key": "submission_status", "value": "onprem", "metadata": {"file": "/home/vmagent/app/hydro.ai/modelzoo/dlrm/dlrm/mlperf_logger.py", "lineno": 101}}
:::MLLOG {"namespace": "", "time_ms": 1641783572672, "event_type": "POINT_IN_TIME", "key": "submission_platform", "value": "reference_implementation", "metadata": {"file": "/home/vmagent/app/hydro.ai/modelzoo/dlrm/dlrm/mlperf_logger.py", "lineno": 105}}
:::MLLOG {"namespace": "", "time_ms": 1641783572672, "event_type": "POINT_IN_TIME", "key": "submission_entry", "value": "reference_implementation", "metadata": {"file": "/home/vmagent/app/hydro.ai/modelzoo/dlrm/dlrm/mlperf_logger.py", "lineno": 109}}
:::MLLOG {"namespace": "", "time_ms": 1641783572672, "event_type": "POINT_IN_TIME", "key": "submission_poc_name", "value": "reference_implementation", "metadata": {"file": "/home/vmagent/app/hydro.ai/modelzoo/dlrm/dlrm/mlperf_logger.py", "lineno": 113}}
:::MLLOG {"namespace": "", "time_ms": 1641783572672, "event_type": "POINT_IN_TIME", "key": "submission_poc_email", "value": "reference_implementation", "metadata": {"file": "/home/vmagent/app/hydro.ai/modelzoo/dlrm/dlrm/mlperf_logger.py", "lineno": 117}}
:::MLLOG {"namespace": "", "time_ms": 1641783572673, "event_type": "POINT_IN_TIME", "key": "seed", "value": 12345, "metadata": {"file": "/home/vmagent/app/hydro.ai/modelzoo/dlrm/dlrm/dlrm_s_pytorch.py", "lineno": 1147}}
:::MLLOG {"namespace": "", "time_ms": 1641783572673, "event_type": "POINT_IN_TIME", "key": "global_batch_size", "value": 262144, "metadata": {"file": "/home/vmagent/app/hydro.ai/modelzoo/dlrm/dlrm/dlrm_s_pytorch.py", "lineno": 1148}}
:::MLLOG {"namespace": "", "time_ms": 1641783572674, "event_type": "POINT_IN_TIME", "key": "opt_base_learning_rate", "value": 30.0, "metadata": {"file": "/home/vmagent/app/hydro.ai/modelzoo/dlrm/dlrm/dlrm_s_pytorch.py", "lineno": 1213}}
:::MLLOG {"namespace": "", "time_ms": 1641783572674, "event_type": "POINT_IN_TIME", "key": "opt_learning_rate_warmup_steps", "value": 4000, "metadata": {"file": "/home/vmagent/app/hydro.ai/modelzoo/dlrm/dlrm/dlrm_s_pytorch.py", "lineno": 1215}}
:::MLLOG {"namespace": "", "time_ms": 1641783572674, "event_type": "POINT_IN_TIME", "key": "sgd_opt_base_learning_rate", "value": 30.0, "metadata": {"file": "/home/vmagent/app/hydro.ai/modelzoo/dlrm/dlrm/dlrm_s_pytorch.py", "lineno": 1218}}
:::MLLOG {"namespace": "", "time_ms": 1641783572675, "event_type": "POINT_IN_TIME", "key": "lr_decay_start_steps", "value": 5000, "metadata": {"file": "/home/vmagent/app/hydro.ai/modelzoo/dlrm/dlrm/dlrm_s_pytorch.py", "lineno": 1219}}
:::MLLOG {"namespace": "", "time_ms": 1641783572675, "event_type": "POINT_IN_TIME", "key": "sgd_opt_learning_rate_decay_steps", "value": 5000, "metadata": {"file": "/home/vmagent/app/hydro.ai/modelzoo/dlrm/dlrm/dlrm_s_pytorch.py", "lineno": 1220}}
:::MLLOG {"namespace": "", "time_ms": 1641783572675, "event_type": "POINT_IN_TIME", "key": "sgd_opt_learning_rate_decay_poly_power", "value": 2, "metadata": {"file": "/home/vmagent/app/hydro.ai/modelzoo/dlrm/dlrm/dlrm_s_pytorch.py", "lineno": 1221}}
:::MLLOG {"namespace": "", "time_ms": 1641783572675, "event_type": "INTERVAL_START", "key": "block_start", "value": null, "metadata": {"file": "/home/vmagent/app/hydro.ai/modelzoo/dlrm/dlrm/dlrm_s_pytorch.py", "lineno": 1240, "first_epoch_num": 1, "epoch_count": 1}}
:::MLLOG {"namespace": "", "time_ms": 1641783572675, "event_type": "INTERVAL_START", "key": "epoch_start", "value": null, "metadata": {"file": "/home/vmagent/app/hydro.ai/modelzoo/dlrm/dlrm/dlrm_s_pytorch.py", "lineno": 1243, "epoch_num": 1}}
:::MLLOG {"namespace": "", "time_ms": 1641790685818, "event_type": "POINT_IN_TIME", "key": "submission_benchmark", "value": "dlrm", "metadata": {"file": "/home/vmagent/app/hydro.ai/modelzoo/dlrm/dlrm/mlperf_logger.py", "lineno": 88}}
:::MLLOG {"namespace": "", "time_ms": 1641790685818, "event_type": "POINT_IN_TIME", "key": "submission_org", "value": "reference_implementation", "metadata": {"file": "/home/vmagent/app/hydro.ai/modelzoo/dlrm/dlrm/mlperf_logger.py", "lineno": 93}}
:::MLLOG {"namespace": "", "time_ms": 1641790685819, "event_type": "POINT_IN_TIME", "key": "submission_division", "value": "closed", "metadata": {"file": "/home/vmagent/app/hydro.ai/modelzoo/dlrm/dlrm/mlperf_logger.py", "lineno": 97}}
:::MLLOG {"namespace": "", "time_ms": 1641790685819, "event_type": "POINT_IN_TIME", "key": "submission_status", "value": "onprem", "metadata": {"file": "/home/vmagent/app/hydro.ai/modelzoo/dlrm/dlrm/mlperf_logger.py", "lineno": 101}}
:::MLLOG {"namespace": "", "time_ms": 1641790685819, "event_type": "POINT_IN_TIME", "key": "submission_platform", "value": "reference_implementation", "metadata": {"file": "/home/vmagent/app/hydro.ai/modelzoo/dlrm/dlrm/mlperf_logger.py", "lineno": 105}}
:::MLLOG {"namespace": "", "time_ms": 1641790685819, "event_type": "POINT_IN_TIME", "key": "submission_entry", "value": "reference_implementation", "metadata": {"file": "/home/vmagent/app/hydro.ai/modelzoo/dlrm/dlrm/mlperf_logger.py", "lineno": 109}}
:::MLLOG {"namespace": "", "time_ms": 1641790685819, "event_type": "POINT_IN_TIME", "key": "submission_poc_name", "value": "reference_implementation", "metadata": {"file": "/home/vmagent/app/hydro.ai/modelzoo/dlrm/dlrm/mlperf_logger.py", "lineno": 113}}
:::MLLOG {"namespace": "", "time_ms": 1641790685819, "event_type": "POINT_IN_TIME", "key": "submission_poc_email", "value": "reference_implementation", "metadata": {"file": "/home/vmagent/app/hydro.ai/modelzoo/dlrm/dlrm/mlperf_logger.py", "lineno": 117}}
:::MLLOG {"namespace": "", "time_ms": 1641790685819, "event_type": "POINT_IN_TIME", "key": "seed", "value": 12345, "metadata": {"file": "/home/vmagent/app/hydro.ai/modelzoo/dlrm/dlrm/dlrm_s_pytorch.py", "lineno": 1147}}
:::MLLOG {"namespace": "", "time_ms": 1641790685819, "event_type": "POINT_IN_TIME", "key": "global_batch_size", "value": 262144, "metadata": {"file": "/home/vmagent/app/hydro.ai/modelzoo/dlrm/dlrm/dlrm_s_pytorch.py", "lineno": 1148}}
:::MLLOG {"namespace": "", "time_ms": 1641790685820, "event_type": "POINT_IN_TIME", "key": "opt_base_learning_rate", "value": 50.0, "metadata": {"file": "/home/vmagent/app/hydro.ai/modelzoo/dlrm/dlrm/dlrm_s_pytorch.py", "lineno": 1213}}
:::MLLOG {"namespace": "", "time_ms": 1641790685820, "event_type": "POINT_IN_TIME", "key": "opt_learning_rate_warmup_steps", "value": 4000, "metadata": {"file": "/home/vmagent/app/hydro.ai/modelzoo/dlrm/dlrm/dlrm_s_pytorch.py", "lineno": 1215}}
:::MLLOG {"namespace": "", "time_ms": 1641790685820, "event_type": "POINT_IN_TIME", "key": "sgd_opt_base_learning_rate", "value": 50.0, "metadata": {"file": "/home/vmagent/app/hydro.ai/modelzoo/dlrm/dlrm/dlrm_s_pytorch.py", "lineno": 1218}}
:::MLLOG {"namespace": "", "time_ms": 1641790685820, "event_type": "POINT_IN_TIME", "key": "lr_decay_start_steps", "value": 5760, "metadata": {"file": "/home/vmagent/app/hydro.ai/modelzoo/dlrm/dlrm/dlrm_s_pytorch.py", "lineno": 1219}}
:::MLLOG {"namespace": "", "time_ms": 1641790685821, "event_type": "POINT_IN_TIME", "key": "sgd_opt_learning_rate_decay_steps", "value": 27000, "metadata": {"file": "/home/vmagent/app/hydro.ai/modelzoo/dlrm/dlrm/dlrm_s_pytorch.py", "lineno": 1220}}
:::MLLOG {"namespace": "", "time_ms": 1641790685821, "event_type": "POINT_IN_TIME", "key": "sgd_opt_learning_rate_decay_poly_power", "value": 2, "metadata": {"file": "/home/vmagent/app/hydro.ai/modelzoo/dlrm/dlrm/dlrm_s_pytorch.py", "lineno": 1221}}
:::MLLOG {"namespace": "", "time_ms": 1641790685821, "event_type": "INTERVAL_START", "key": "block_start", "value": null, "metadata": {"file": "/home/vmagent/app/hydro.ai/modelzoo/dlrm/dlrm/dlrm_s_pytorch.py", "lineno": 1240, "first_epoch_num": 1, "epoch_count": 1}}
:::MLLOG {"namespace": "", "time_ms": 1641790685821, "event_type": "INTERVAL_START", "key": "epoch_start", "value": null, "metadata": {"file": "/home/vmagent/app/hydro.ai/modelzoo/dlrm/dlrm/dlrm_s_pytorch.py", "lineno": 1243, "epoch_num": 1}}
:::MLLOG {"namespace": "", "time_ms": 1641791053559, "event_type": "INTERVAL_START", "key": "eval_start", "value": null, "metadata": {"file": "/home/vmagent/app/hydro.ai/modelzoo/dlrm/dlrm/dlrm_s_pytorch.py", "lineno": 1377, "epoch_num": 1.049987503124219}}
:::MLLOG {"namespace": "", "time_ms": 1641791386956, "event_type": "POINT_IN_TIME", "key": "eval_accuracy", "value": 0.7868687306594854, "metadata": {"file": "/home/vmagent/app/hydro.ai/modelzoo/dlrm/dlrm/dlrm_s_pytorch.py", "lineno": 1514, "epoch_num": 1.049987503124219}}
:::MLLOG {"namespace": "", "time_ms": 1641791386957, "event_type": "INTERVAL_END", "key": "eval_stop", "value": null, "metadata": {"file": "/home/vmagent/app/hydro.ai/modelzoo/dlrm/dlrm/dlrm_s_pytorch.py", "lineno": 1538, "epoch_num": 1.049987503124219}}
:::MLLOG {"namespace": "", "time_ms": 1641791751250, "event_type": "INTERVAL_START", "key": "eval_start", "value": null, "metadata": {"file": "/home/vmagent/app/hydro.ai/modelzoo/dlrm/dlrm/dlrm_s_pytorch.py", "lineno": 1377, "epoch_num": 1.099975006248438}}
:::MLLOG {"namespace": "", "time_ms": 1641792073552, "event_type": "POINT_IN_TIME", "key": "eval_accuracy", "value": 0.7919242154439691, "metadata": {"file": "/home/vmagent/app/hydro.ai/modelzoo/dlrm/dlrm/dlrm_s_pytorch.py", "lineno": 1514, "epoch_num": 1.099975006248438}}
:::MLLOG {"namespace": "", "time_ms": 1641792076013, "event_type": "INTERVAL_END", "key": "eval_stop", "value": null, "metadata": {"file": "/home/vmagent/app/hydro.ai/modelzoo/dlrm/dlrm/dlrm_s_pytorch.py", "lineno": 1538, "epoch_num": 1.099975006248438}}
:::MLLOG {"namespace": "", "time_ms": 1641792439512, "event_type": "INTERVAL_START", "key": "eval_start", "value": null, "metadata": {"file": "/home/vmagent/app/hydro.ai/modelzoo/dlrm/dlrm/dlrm_s_pytorch.py", "lineno": 1377, "epoch_num": 1.1499625093726569}}
:::MLLOG {"namespace": "", "time_ms": 1641792765837, "event_type": "POINT_IN_TIME", "key": "eval_accuracy", "value": 0.793878708413442, "metadata": {"file": "/home/vmagent/app/hydro.ai/modelzoo/dlrm/dlrm/dlrm_s_pytorch.py", "lineno": 1514, "epoch_num": 1.1499625093726569}}
:::MLLOG {"namespace": "", "time_ms": 1641792767582, "event_type": "INTERVAL_END", "key": "eval_stop", "value": null, "metadata": {"file": "/home/vmagent/app/hydro.ai/modelzoo/dlrm/dlrm/dlrm_s_pytorch.py", "lineno": 1538, "epoch_num": 1.1499625093726569}}
:::MLLOG {"namespace": "", "time_ms": 1641793135433, "event_type": "INTERVAL_START", "key": "eval_start", "value": null, "metadata": {"file": "/home/vmagent/app/hydro.ai/modelzoo/dlrm/dlrm/dlrm_s_pytorch.py", "lineno": 1377, "epoch_num": 1.1999500124968758}}
:::MLLOG {"namespace": "", "time_ms": 1641793460359, "event_type": "POINT_IN_TIME", "key": "eval_accuracy", "value": 0.7941867386605306, "metadata": {"file": "/home/vmagent/app/hydro.ai/modelzoo/dlrm/dlrm/dlrm_s_pytorch.py", "lineno": 1514, "epoch_num": 1.1999500124968758}}
:::MLLOG {"namespace": "", "time_ms": 1641793462749, "event_type": "INTERVAL_END", "key": "eval_stop", "value": null, "metadata": {"file": "/home/vmagent/app/hydro.ai/modelzoo/dlrm/dlrm/dlrm_s_pytorch.py", "lineno": 1538, "epoch_num": 1.1999500124968758}}
:::MLLOG {"namespace": "", "time_ms": 1641793842727, "event_type": "INTERVAL_START", "key": "eval_start", "value": null, "metadata": {"file": "/home/vmagent/app/hydro.ai/modelzoo/dlrm/dlrm/dlrm_s_pytorch.py", "lineno": 1377, "epoch_num": 1.2499375156210948}}
:::MLLOG {"namespace": "", "time_ms": 1641794177009, "event_type": "POINT_IN_TIME", "key": "eval_accuracy", "value": 0.7956764790028543, "metadata": {"file": "/home/vmagent/app/hydro.ai/modelzoo/dlrm/dlrm/dlrm_s_pytorch.py", "lineno": 1514, "epoch_num": 1.2499375156210948}}
:::MLLOG {"namespace": "", "time_ms": 1641794191993, "event_type": "INTERVAL_END", "key": "eval_stop", "value": null, "metadata": {"file": "/home/vmagent/app/hydro.ai/modelzoo/dlrm/dlrm/dlrm_s_pytorch.py", "lineno": 1538, "epoch_num": 1.2499375156210948}}
:::MLLOG {"namespace": "", "time_ms": 1641794592198, "event_type": "INTERVAL_START", "key": "eval_start", "value": null, "metadata": {"file": "/home/vmagent/app/hydro.ai/modelzoo/dlrm/dlrm/dlrm_s_pytorch.py", "lineno": 1377, "epoch_num": 1.2999250187453137}}
:::MLLOG {"namespace": "", "time_ms": 1641794920117, "event_type": "POINT_IN_TIME", "key": "eval_accuracy", "value": 0.796469946882513, "metadata": {"file": "/home/vmagent/app/hydro.ai/modelzoo/dlrm/dlrm/dlrm_s_pytorch.py", "lineno": 1514, "epoch_num": 1.2999250187453137}}
:::MLLOG {"namespace": "", "time_ms": 1641794920119, "event_type": "INTERVAL_END", "key": "eval_stop", "value": null, "metadata": {"file": "/home/vmagent/app/hydro.ai/modelzoo/dlrm/dlrm/dlrm_s_pytorch.py", "lineno": 1538, "epoch_num": 1.2999250187453137}}
:::MLLOG {"namespace": "", "time_ms": 1641795295076, "event_type": "INTERVAL_START", "key": "eval_start", "value": null, "metadata": {"file": "/home/vmagent/app/hydro.ai/modelzoo/dlrm/dlrm/dlrm_s_pytorch.py", "lineno": 1377, "epoch_num": 1.3499125218695327}}
:::MLLOG {"namespace": "", "time_ms": 1641795623691, "event_type": "POINT_IN_TIME", "key": "eval_accuracy", "value": 0.7968323248682475, "metadata": {"file": "/home/vmagent/app/hydro.ai/modelzoo/dlrm/dlrm/dlrm_s_pytorch.py", "lineno": 1514, "epoch_num": 1.3499125218695327}}
:::MLLOG {"namespace": "", "time_ms": 1641795625530, "event_type": "INTERVAL_END", "key": "eval_stop", "value": null, "metadata": {"file": "/home/vmagent/app/hydro.ai/modelzoo/dlrm/dlrm/dlrm_s_pytorch.py", "lineno": 1538, "epoch_num": 1.3499125218695327}}
:::MLLOG {"namespace": "", "time_ms": 1641795998474, "event_type": "INTERVAL_START", "key": "eval_start", "value": null, "metadata": {"file": "/home/vmagent/app/hydro.ai/modelzoo/dlrm/dlrm/dlrm_s_pytorch.py", "lineno": 1377, "epoch_num": 1.3999000249937517}}
:::MLLOG {"namespace": "", "time_ms": 1641796329870, "event_type": "POINT_IN_TIME", "key": "eval_accuracy", "value": 0.7968075562159657, "metadata": {"file": "/home/vmagent/app/hydro.ai/modelzoo/dlrm/dlrm/dlrm_s_pytorch.py", "lineno": 1514, "epoch_num": 1.3999000249937517}}
:::MLLOG {"namespace": "", "time_ms": 1641796329871, "event_type": "INTERVAL_END", "key": "eval_stop", "value": null, "metadata": {"file": "/home/vmagent/app/hydro.ai/modelzoo/dlrm/dlrm/dlrm_s_pytorch.py", "lineno": 1538, "epoch_num": 1.3999000249937517}}
:::MLLOG {"namespace": "", "time_ms": 1641796703482, "event_type": "INTERVAL_START", "key": "eval_start", "value": null, "metadata": {"file": "/home/vmagent/app/hydro.ai/modelzoo/dlrm/dlrm/dlrm_s_pytorch.py", "lineno": 1377, "epoch_num": 1.4498875281179706}}
:::MLLOG {"namespace": "", "time_ms": 1641797036640, "event_type": "POINT_IN_TIME", "key": "eval_accuracy", "value": 0.797266871575149, "metadata": {"file": "/home/vmagent/app/hydro.ai/modelzoo/dlrm/dlrm/dlrm_s_pytorch.py", "lineno": 1514, "epoch_num": 1.4498875281179706}}
:::MLLOG {"namespace": "", "time_ms": 1641797046157, "event_type": "INTERVAL_END", "key": "eval_stop", "value": null, "metadata": {"file": "/home/vmagent/app/hydro.ai/modelzoo/dlrm/dlrm/dlrm_s_pytorch.py", "lineno": 1538, "epoch_num": 1.4498875281179706}}
:::MLLOG {"namespace": "", "time_ms": 1641797425647, "event_type": "INTERVAL_START", "key": "eval_start", "value": null, "metadata": {"file": "/home/vmagent/app/hydro.ai/modelzoo/dlrm/dlrm/dlrm_s_pytorch.py", "lineno": 1377, "epoch_num": 1.4998750312421896}}
:::MLLOG {"namespace": "", "time_ms": 1641797759684, "event_type": "POINT_IN_TIME", "key": "eval_accuracy", "value": 0.7965232183323339, "metadata": {"file": "/home/vmagent/app/hydro.ai/modelzoo/dlrm/dlrm/dlrm_s_pytorch.py", "lineno": 1514, "epoch_num": 1.4998750312421896}}
:::MLLOG {"namespace": "", "time_ms": 1641797799874, "event_type": "INTERVAL_END", "key": "eval_stop", "value": null, "metadata": {"file": "/home/vmagent/app/hydro.ai/modelzoo/dlrm/dlrm/dlrm_s_pytorch.py", "lineno": 1538, "epoch_num": 1.4998750312421896}}
:::MLLOG {"namespace": "", "time_ms": 1641798173746, "event_type": "INTERVAL_START", "key": "eval_start", "value": null, "metadata": {"file": "/home/vmagent/app/hydro.ai/modelzoo/dlrm/dlrm/dlrm_s_pytorch.py", "lineno": 1377, "epoch_num": 1.5498625343664085}}
:::MLLOG {"namespace": "", "time_ms": 1641798496955, "event_type": "POINT_IN_TIME", "key": "eval_accuracy", "value": 0.7968761210276532, "metadata": {"file": "/home/vmagent/app/hydro.ai/modelzoo/dlrm/dlrm/dlrm_s_pytorch.py", "lineno": 1514, "epoch_num": 1.5498625343664085}}
:::MLLOG {"namespace": "", "time_ms": 1641798504916, "event_type": "INTERVAL_END", "key": "eval_stop", "value": null, "metadata": {"file": "/home/vmagent/app/hydro.ai/modelzoo/dlrm/dlrm/dlrm_s_pytorch.py", "lineno": 1538, "epoch_num": 1.5498625343664085}}
:::MLLOG {"namespace": "", "time_ms": 1641813703706, "event_type": "POINT_IN_TIME", "key": "submission_benchmark", "value": "dlrm", "metadata": {"file": "/home/vmagent/app/hydro.ai/modelzoo/dlrm/dlrm/mlperf_logger.py", "lineno": 88}}
:::MLLOG {"namespace": "", "time_ms": 1641813703707, "event_type": "POINT_IN_TIME", "key": "submission_org", "value": "reference_implementation", "metadata": {"file": "/home/vmagent/app/hydro.ai/modelzoo/dlrm/dlrm/mlperf_logger.py", "lineno": 93}}
:::MLLOG {"namespace": "", "time_ms": 1641813703707, "event_type": "POINT_IN_TIME", "key": "submission_division", "value": "closed", "metadata": {"file": "/home/vmagent/app/hydro.ai/modelzoo/dlrm/dlrm/mlperf_logger.py", "lineno": 97}}
:::MLLOG {"namespace": "", "time_ms": 1641813703707, "event_type": "POINT_IN_TIME", "key": "submission_status", "value": "onprem", "metadata": {"file": "/home/vmagent/app/hydro.ai/modelzoo/dlrm/dlrm/mlperf_logger.py", "lineno": 101}}
:::MLLOG {"namespace": "", "time_ms": 1641813703707, "event_type": "POINT_IN_TIME", "key": "submission_platform", "value": "reference_implementation", "metadata": {"file": "/home/vmagent/app/hydro.ai/modelzoo/dlrm/dlrm/mlperf_logger.py", "lineno": 105}}
:::MLLOG {"namespace": "", "time_ms": 1641813703707, "event_type": "POINT_IN_TIME", "key": "submission_entry", "value": "reference_implementation", "metadata": {"file": "/home/vmagent/app/hydro.ai/modelzoo/dlrm/dlrm/mlperf_logger.py", "lineno": 109}}
:::MLLOG {"namespace": "", "time_ms": 1641813703707, "event_type": "POINT_IN_TIME", "key": "submission_poc_name", "value": "reference_implementation", "metadata": {"file": "/home/vmagent/app/hydro.ai/modelzoo/dlrm/dlrm/mlperf_logger.py", "lineno": 113}}
:::MLLOG {"namespace": "", "time_ms": 1641813703707, "event_type": "POINT_IN_TIME", "key": "submission_poc_email", "value": "reference_implementation", "metadata": {"file": "/home/vmagent/app/hydro.ai/modelzoo/dlrm/dlrm/mlperf_logger.py", "lineno": 117}}
:::MLLOG {"namespace": "", "time_ms": 1641813703708, "event_type": "POINT_IN_TIME", "key": "seed", "value": 12345, "metadata": {"file": "/home/vmagent/app/hydro.ai/modelzoo/dlrm/dlrm/dlrm_s_pytorch.py", "lineno": 1129}}
:::MLLOG {"namespace": "", "time_ms": 1641813703708, "event_type": "POINT_IN_TIME", "key": "global_batch_size", "value": 262144, "metadata": {"file": "/home/vmagent/app/hydro.ai/modelzoo/dlrm/dlrm/dlrm_s_pytorch.py", "lineno": 1130}}
:::MLLOG {"namespace": "", "time_ms": 1641813703753, "event_type": "POINT_IN_TIME", "key": "opt_base_learning_rate", "value": 50.0, "metadata": {"file": "/home/vmagent/app/hydro.ai/modelzoo/dlrm/dlrm/dlrm_s_pytorch.py", "lineno": 1195}}
:::MLLOG {"namespace": "", "time_ms": 1641813703753, "event_type": "POINT_IN_TIME", "key": "opt_learning_rate_warmup_steps", "value": 4000, "metadata": {"file": "/home/vmagent/app/hydro.ai/modelzoo/dlrm/dlrm/dlrm_s_pytorch.py", "lineno": 1197}}
:::MLLOG {"namespace": "", "time_ms": 1641813703753, "event_type": "POINT_IN_TIME", "key": "sgd_opt_base_learning_rate", "value": 50.0, "metadata": {"file": "/home/vmagent/app/hydro.ai/modelzoo/dlrm/dlrm/dlrm_s_pytorch.py", "lineno": 1200}}
:::MLLOG {"namespace": "", "time_ms": 1641813703753, "event_type": "POINT_IN_TIME", "key": "lr_decay_start_steps", "value": 5760, "metadata": {"file": "/home/vmagent/app/hydro.ai/modelzoo/dlrm/dlrm/dlrm_s_pytorch.py", "lineno": 1201}}
:::MLLOG {"namespace": "", "time_ms": 1641813703753, "event_type": "POINT_IN_TIME", "key": "sgd_opt_learning_rate_decay_steps", "value": 27000, "metadata": {"file": "/home/vmagent/app/hydro.ai/modelzoo/dlrm/dlrm/dlrm_s_pytorch.py", "lineno": 1202}}
:::MLLOG {"namespace": "", "time_ms": 1641813703754, "event_type": "POINT_IN_TIME", "key": "sgd_opt_learning_rate_decay_poly_power", "value": 2, "metadata": {"file": "/home/vmagent/app/hydro.ai/modelzoo/dlrm/dlrm/dlrm_s_pytorch.py", "lineno": 1203}}
:::MLLOG {"namespace": "", "time_ms": 1641813703779, "event_type": "INTERVAL_START", "key": "block_start", "value": null, "metadata": {"file": "/home/vmagent/app/hydro.ai/modelzoo/dlrm/dlrm/dlrm_s_pytorch.py", "lineno": 1222, "first_epoch_num": 1, "epoch_count": 1}}
:::MLLOG {"namespace": "", "time_ms": 1641813703805, "event_type": "INTERVAL_START", "key": "epoch_start", "value": null, "metadata": {"file": "/home/vmagent/app/hydro.ai/modelzoo/dlrm/dlrm/dlrm_s_pytorch.py", "lineno": 1225, "epoch_num": 1}}
:::MLLOG {"namespace": "", "time_ms": 1641814409550, "event_type": "INTERVAL_START", "key": "eval_start", "value": null, "metadata": {"file": "/home/vmagent/app/hydro.ai/modelzoo/dlrm/dlrm/dlrm_s_pytorch.py", "lineno": 1357, "epoch_num": 1.049987503124219}}
:::MLLOG {"namespace": "", "time_ms": 1641814499535, "event_type": "POINT_IN_TIME", "key": "eval_accuracy", "value": 0.7864045830883655, "metadata": {"file": "/home/vmagent/app/hydro.ai/modelzoo/dlrm/dlrm/dlrm_s_pytorch.py", "lineno": 1497, "epoch_num": 1.049987503124219}}
:::MLLOG {"namespace": "", "time_ms": 1641814499783, "event_type": "INTERVAL_END", "key": "eval_stop", "value": null, "metadata": {"file": "/home/vmagent/app/hydro.ai/modelzoo/dlrm/dlrm/dlrm_s_pytorch.py", "lineno": 1521, "epoch_num": 1.049987503124219}}
:::MLLOG {"namespace": "", "time_ms": 1641815204605, "event_type": "INTERVAL_START", "key": "eval_start", "value": null, "metadata": {"file": "/home/vmagent/app/hydro.ai/modelzoo/dlrm/dlrm/dlrm_s_pytorch.py", "lineno": 1357, "epoch_num": 1.099975006248438}}
:::MLLOG {"namespace": "", "time_ms": 1641815296096, "event_type": "POINT_IN_TIME", "key": "eval_accuracy", "value": 0.7913470452944399, "metadata": {"file": "/home/vmagent/app/hydro.ai/modelzoo/dlrm/dlrm/dlrm_s_pytorch.py", "lineno": 1497, "epoch_num": 1.099975006248438}}
:::MLLOG {"namespace": "", "time_ms": 1641815296901, "event_type": "INTERVAL_END", "key": "eval_stop", "value": null, "metadata": {"file": "/home/vmagent/app/hydro.ai/modelzoo/dlrm/dlrm/dlrm_s_pytorch.py", "lineno": 1521, "epoch_num": 1.099975006248438}}
:::MLLOG {"namespace": "", "time_ms": 1641816020907, "event_type": "INTERVAL_START", "key": "eval_start", "value": null, "metadata": {"file": "/home/vmagent/app/hydro.ai/modelzoo/dlrm/dlrm/dlrm_s_pytorch.py", "lineno": 1357, "epoch_num": 1.1499625093726569}}
:::MLLOG {"namespace": "", "time_ms": 1641816113811, "event_type": "POINT_IN_TIME", "key": "eval_accuracy", "value": 0.7937624561404095, "metadata": {"file": "/home/vmagent/app/hydro.ai/modelzoo/dlrm/dlrm/dlrm_s_pytorch.py", "lineno": 1497, "epoch_num": 1.1499625093726569}}
:::MLLOG {"namespace": "", "time_ms": 1641816114212, "event_type": "INTERVAL_END", "key": "eval_stop", "value": null, "metadata": {"file": "/home/vmagent/app/hydro.ai/modelzoo/dlrm/dlrm/dlrm_s_pytorch.py", "lineno": 1521, "epoch_num": 1.1499625093726569}}
:::MLLOG {"namespace": "", "time_ms": 1641816831756, "event_type": "INTERVAL_START", "key": "eval_start", "value": null, "metadata": {"file": "/home/vmagent/app/hydro.ai/modelzoo/dlrm/dlrm/dlrm_s_pytorch.py", "lineno": 1357, "epoch_num": 1.1999500124968758}}
:::MLLOG {"namespace": "", "time_ms": 1641816924788, "event_type": "POINT_IN_TIME", "key": "eval_accuracy", "value": 0.7957046806561654, "metadata": {"file": "/home/vmagent/app/hydro.ai/modelzoo/dlrm/dlrm/dlrm_s_pytorch.py", "lineno": 1497, "epoch_num": 1.1999500124968758}}
:::MLLOG {"namespace": "", "time_ms": 1641816926535, "event_type": "INTERVAL_END", "key": "eval_stop", "value": null, "metadata": {"file": "/home/vmagent/app/hydro.ai/modelzoo/dlrm/dlrm/dlrm_s_pytorch.py", "lineno": 1521, "epoch_num": 1.1999500124968758}}
:::MLLOG {"namespace": "", "time_ms": 1641817663774, "event_type": "INTERVAL_START", "key": "eval_start", "value": null, "metadata": {"file": "/home/vmagent/app/hydro.ai/modelzoo/dlrm/dlrm/dlrm_s_pytorch.py", "lineno": 1357, "epoch_num": 1.2499375156210948}}
:::MLLOG {"namespace": "", "time_ms": 1641817756413, "event_type": "POINT_IN_TIME", "key": "eval_accuracy", "value": 0.7966291737570794, "metadata": {"file": "/home/vmagent/app/hydro.ai/modelzoo/dlrm/dlrm/dlrm_s_pytorch.py", "lineno": 1497, "epoch_num": 1.2499375156210948}}
:::MLLOG {"namespace": "", "time_ms": 1641817756964, "event_type": "INTERVAL_END", "key": "eval_stop", "value": null, "metadata": {"file": "/home/vmagent/app/hydro.ai/modelzoo/dlrm/dlrm/dlrm_s_pytorch.py", "lineno": 1521, "epoch_num": 1.2499375156210948}}
:::MLLOG {"namespace": "", "time_ms": 1641818484255, "event_type": "INTERVAL_START", "key": "eval_start", "value": null, "metadata": {"file": "/home/vmagent/app/hydro.ai/modelzoo/dlrm/dlrm/dlrm_s_pytorch.py", "lineno": 1357, "epoch_num": 1.2999250187453137}}
:::MLLOG {"namespace": "", "time_ms": 1641818576508, "event_type": "POINT_IN_TIME", "key": "eval_accuracy", "value": 0.7977662442801938, "metadata": {"file": "/home/vmagent/app/hydro.ai/modelzoo/dlrm/dlrm/dlrm_s_pytorch.py", "lineno": 1497, "epoch_num": 1.2999250187453137}}
:::MLLOG {"namespace": "", "time_ms": 1641818577642, "event_type": "INTERVAL_END", "key": "eval_stop", "value": null, "metadata": {"file": "/home/vmagent/app/hydro.ai/modelzoo/dlrm/dlrm/dlrm_s_pytorch.py", "lineno": 1521, "epoch_num": 1.2999250187453137}}
:::MLLOG {"namespace": "", "time_ms": 1641819306586, "event_type": "INTERVAL_START", "key": "eval_start", "value": null, "metadata": {"file": "/home/vmagent/app/hydro.ai/modelzoo/dlrm/dlrm/dlrm_s_pytorch.py", "lineno": 1357, "epoch_num": 1.3499125218695327}}
:::MLLOG {"namespace": "", "time_ms": 1641819401181, "event_type": "POINT_IN_TIME", "key": "eval_accuracy", "value": 0.7983019653093782, "metadata": {"file": "/home/vmagent/app/hydro.ai/modelzoo/dlrm/dlrm/dlrm_s_pytorch.py", "lineno": 1497, "epoch_num": 1.3499125218695327}}
:::MLLOG {"namespace": "", "time_ms": 1641819401802, "event_type": "INTERVAL_END", "key": "eval_stop", "value": null, "metadata": {"file": "/home/vmagent/app/hydro.ai/modelzoo/dlrm/dlrm/dlrm_s_pytorch.py", "lineno": 1521, "epoch_num": 1.3499125218695327}}
:::MLLOG {"namespace": "", "time_ms": 1641820139052, "event_type": "INTERVAL_START", "key": "eval_start", "value": null, "metadata": {"file": "/home/vmagent/app/hydro.ai/modelzoo/dlrm/dlrm/dlrm_s_pytorch.py", "lineno": 1357, "epoch_num": 1.3999000249937517}}
:::MLLOG {"namespace": "", "time_ms": 1641820233051, "event_type": "POINT_IN_TIME", "key": "eval_accuracy", "value": 0.7991269172735633, "metadata": {"file": "/home/vmagent/app/hydro.ai/modelzoo/dlrm/dlrm/dlrm_s_pytorch.py", "lineno": 1497, "epoch_num": 1.3999000249937517}}
:::MLLOG {"namespace": "", "time_ms": 1641820233052, "event_type": "INTERVAL_END", "key": "eval_stop", "value": null, "metadata": {"file": "/home/vmagent/app/hydro.ai/modelzoo/dlrm/dlrm/dlrm_s_pytorch.py", "lineno": 1521, "epoch_num": 1.3999000249937517}}
:::MLLOG {"namespace": "", "time_ms": 1641820975015, "event_type": "INTERVAL_START", "key": "eval_start", "value": null, "metadata": {"file": "/home/vmagent/app/hydro.ai/modelzoo/dlrm/dlrm/dlrm_s_pytorch.py", "lineno": 1357, "epoch_num": 1.4498875281179706}}
:::MLLOG {"namespace": "", "time_ms": 1641821068900, "event_type": "POINT_IN_TIME", "key": "eval_accuracy", "value": 0.7995760782762922, "metadata": {"file": "/home/vmagent/app/hydro.ai/modelzoo/dlrm/dlrm/dlrm_s_pytorch.py", "lineno": 1497, "epoch_num": 1.4498875281179706}}
:::MLLOG {"namespace": "", "time_ms": 1641821069718, "event_type": "INTERVAL_END", "key": "eval_stop", "value": null, "metadata": {"file": "/home/vmagent/app/hydro.ai/modelzoo/dlrm/dlrm/dlrm_s_pytorch.py", "lineno": 1521, "epoch_num": 1.4498875281179706}}
:::MLLOG {"namespace": "", "time_ms": 1641821819994, "event_type": "INTERVAL_START", "key": "eval_start", "value": null, "metadata": {"file": "/home/vmagent/app/hydro.ai/modelzoo/dlrm/dlrm/dlrm_s_pytorch.py", "lineno": 1357, "epoch_num": 1.4998750312421896}}
:::MLLOG {"namespace": "", "time_ms": 1641821913596, "event_type": "POINT_IN_TIME", "key": "eval_accuracy", "value": 0.7998999558170903, "metadata": {"file": "/home/vmagent/app/hydro.ai/modelzoo/dlrm/dlrm/dlrm_s_pytorch.py", "lineno": 1497, "epoch_num": 1.4998750312421896}}
:::MLLOG {"namespace": "", "time_ms": 1641821914542, "event_type": "INTERVAL_END", "key": "eval_stop", "value": null, "metadata": {"file": "/home/vmagent/app/hydro.ai/modelzoo/dlrm/dlrm/dlrm_s_pytorch.py", "lineno": 1521, "epoch_num": 1.4998750312421896}}
:::MLLOG {"namespace": "", "time_ms": 1641822662638, "event_type": "INTERVAL_START", "key": "eval_start", "value": null, "metadata": {"file": "/home/vmagent/app/hydro.ai/modelzoo/dlrm/dlrm/dlrm_s_pytorch.py", "lineno": 1357, "epoch_num": 1.5498625343664085}}
:::MLLOG {"namespace": "", "time_ms": 1641822759136, "event_type": "POINT_IN_TIME", "key": "eval_accuracy", "value": 0.8005865983186152, "metadata": {"file": "/home/vmagent/app/hydro.ai/modelzoo/dlrm/dlrm/dlrm_s_pytorch.py", "lineno": 1497, "epoch_num": 1.5498625343664085}}
:::MLLOG {"namespace": "", "time_ms": 1641822759720, "event_type": "INTERVAL_END", "key": "eval_stop", "value": null, "metadata": {"file": "/home/vmagent/app/hydro.ai/modelzoo/dlrm/dlrm/dlrm_s_pytorch.py", "lineno": 1521, "epoch_num": 1.5498625343664085}}
:::MLLOG {"namespace": "", "time_ms": 1641823492771, "event_type": "INTERVAL_START", "key": "eval_start", "value": null, "metadata": {"file": "/home/vmagent/app/hydro.ai/modelzoo/dlrm/dlrm/dlrm_s_pytorch.py", "lineno": 1357, "epoch_num": 1.5998500374906275}}
:::MLLOG {"namespace": "", "time_ms": 1641823586760, "event_type": "POINT_IN_TIME", "key": "eval_accuracy", "value": 0.8009461131407547, "metadata": {"file": "/home/vmagent/app/hydro.ai/modelzoo/dlrm/dlrm/dlrm_s_pytorch.py", "lineno": 1497, "epoch_num": 1.5998500374906275}}
:::MLLOG {"namespace": "", "time_ms": 1641823587555, "event_type": "INTERVAL_END", "key": "eval_stop", "value": null, "metadata": {"file": "/home/vmagent/app/hydro.ai/modelzoo/dlrm/dlrm/dlrm_s_pytorch.py", "lineno": 1521, "epoch_num": 1.5998500374906275}}
:::MLLOG {"namespace": "", "time_ms": 1641824336876, "event_type": "INTERVAL_START", "key": "eval_start", "value": null, "metadata": {"file": "/home/vmagent/app/hydro.ai/modelzoo/dlrm/dlrm/dlrm_s_pytorch.py", "lineno": 1357, "epoch_num": 1.6498375406148464}}
:::MLLOG {"namespace": "", "time_ms": 1641824432526, "event_type": "POINT_IN_TIME", "key": "eval_accuracy", "value": 0.8012657146468811, "metadata": {"file": "/home/vmagent/app/hydro.ai/modelzoo/dlrm/dlrm/dlrm_s_pytorch.py", "lineno": 1497, "epoch_num": 1.6498375406148464}}
:::MLLOG {"namespace": "", "time_ms": 1641824432527, "event_type": "INTERVAL_END", "key": "eval_stop", "value": null, "metadata": {"file": "/home/vmagent/app/hydro.ai/modelzoo/dlrm/dlrm/dlrm_s_pytorch.py", "lineno": 1521, "epoch_num": 1.6498375406148464}}
:::MLLOG {"namespace": "", "time_ms": 1641825174859, "event_type": "INTERVAL_START", "key": "eval_start", "value": null, "metadata": {"file": "/home/vmagent/app/hydro.ai/modelzoo/dlrm/dlrm/dlrm_s_pytorch.py", "lineno": 1357, "epoch_num": 1.6998250437390654}}
:::MLLOG {"namespace": "", "time_ms": 1641825268575, "event_type": "POINT_IN_TIME", "key": "eval_accuracy", "value": 0.8015979466409534, "metadata": {"file": "/home/vmagent/app/hydro.ai/modelzoo/dlrm/dlrm/dlrm_s_pytorch.py", "lineno": 1497, "epoch_num": 1.6998250437390654}}
:::MLLOG {"namespace": "", "time_ms": 1641825269285, "event_type": "INTERVAL_END", "key": "eval_stop", "value": null, "metadata": {"file": "/home/vmagent/app/hydro.ai/modelzoo/dlrm/dlrm/dlrm_s_pytorch.py", "lineno": 1521, "epoch_num": 1.6998250437390654}}
:::MLLOG {"namespace": "", "time_ms": 1641826003799, "event_type": "INTERVAL_START", "key": "eval_start", "value": null, "metadata": {"file": "/home/vmagent/app/hydro.ai/modelzoo/dlrm/dlrm/dlrm_s_pytorch.py", "lineno": 1357, "epoch_num": 1.7498125468632841}}
:::MLLOG {"namespace": "", "time_ms": 1641826097051, "event_type": "POINT_IN_TIME", "key": "eval_accuracy", "value": 0.8017916397729378, "metadata": {"file": "/home/vmagent/app/hydro.ai/modelzoo/dlrm/dlrm/dlrm_s_pytorch.py", "lineno": 1497, "epoch_num": 1.7498125468632841}}
:::MLLOG {"namespace": "", "time_ms": 1641826097729, "event_type": "INTERVAL_END", "key": "eval_stop", "value": null, "metadata": {"file": "/home/vmagent/app/hydro.ai/modelzoo/dlrm/dlrm/dlrm_s_pytorch.py", "lineno": 1521, "epoch_num": 1.7498125468632841}}
:::MLLOG {"namespace": "", "time_ms": 1641826838316, "event_type": "INTERVAL_START", "key": "eval_start", "value": null, "metadata": {"file": "/home/vmagent/app/hydro.ai/modelzoo/dlrm/dlrm/dlrm_s_pytorch.py", "lineno": 1357, "epoch_num": 1.799800049987503}}
:::MLLOG {"namespace": "", "time_ms": 1641826930701, "event_type": "POINT_IN_TIME", "key": "eval_accuracy", "value": 0.8021318396616897, "metadata": {"file": "/home/vmagent/app/hydro.ai/modelzoo/dlrm/dlrm/dlrm_s_pytorch.py", "lineno": 1497, "epoch_num": 1.799800049987503}}
:::MLLOG {"namespace": "", "time_ms": 1641826931261, "event_type": "INTERVAL_END", "key": "eval_stop", "value": null, "metadata": {"file": "/home/vmagent/app/hydro.ai/modelzoo/dlrm/dlrm/dlrm_s_pytorch.py", "lineno": 1521, "epoch_num": 1.799800049987503}}
:::MLLOG {"namespace": "", "time_ms": 1641827673945, "event_type": "INTERVAL_START", "key": "eval_start", "value": null, "metadata": {"file": "/home/vmagent/app/hydro.ai/modelzoo/dlrm/dlrm/dlrm_s_pytorch.py", "lineno": 1357, "epoch_num": 1.849787553111722}}
:::MLLOG {"namespace": "", "time_ms": 1641827769480, "event_type": "POINT_IN_TIME", "key": "eval_accuracy", "value": 0.8024450386934753, "metadata": {"file": "/home/vmagent/app/hydro.ai/modelzoo/dlrm/dlrm/dlrm_s_pytorch.py", "lineno": 1497, "epoch_num": 1.849787553111722}}
:::MLLOG {"namespace": "", "time_ms": 1641827769481, "event_type": "INTERVAL_END", "key": "eval_stop", "value": null, "metadata": {"file": "/home/vmagent/app/hydro.ai/modelzoo/dlrm/dlrm/dlrm_s_pytorch.py", "lineno": 1521, "epoch_num": 1.849787553111722}}
:::MLLOG {"namespace": "", "time_ms": 1641828500938, "event_type": "INTERVAL_START", "key": "eval_start", "value": null, "metadata": {"file": "/home/vmagent/app/hydro.ai/modelzoo/dlrm/dlrm/dlrm_s_pytorch.py", "lineno": 1357, "epoch_num": 1.899775056235941}}
:::MLLOG {"namespace": "", "time_ms": 1641828594155, "event_type": "POINT_IN_TIME", "key": "eval_accuracy", "value": 0.8027067741382038, "metadata": {"file": "/home/vmagent/app/hydro.ai/modelzoo/dlrm/dlrm/dlrm_s_pytorch.py", "lineno": 1497, "epoch_num": 1.899775056235941}}
:::MLLOG {"namespace": "", "time_ms": 1641828594767, "event_type": "INTERVAL_END", "key": "eval_stop", "value": null, "metadata": {"file": "/home/vmagent/app/hydro.ai/modelzoo/dlrm/dlrm/dlrm_s_pytorch.py", "lineno": 1521, "epoch_num": 1.899775056235941}}
:::MLLOG {"namespace": "", "time_ms": 1641828594769, "event_type": "INTERVAL_END", "key": "run_stop", "value": null, "metadata": {"file": "/home/vmagent/app/hydro.ai/modelzoo/dlrm/dlrm/dlrm_s_pytorch.py", "lineno": 1552, "status": "success"}}
:::MLLOG {"namespace": "", "time_ms": 1641828594769, "event_type": "INTERVAL_END", "key": "epoch_stop", "value": null, "metadata": {"file": "/home/vmagent/app/hydro.ai/modelzoo/dlrm/dlrm/dlrm_s_pytorch.py", "lineno": 1565, "epoch_num": 1}}
:::MLLOG {"namespace": "", "time_ms": 1641828594808, "event_type": "INTERVAL_END", "key": "block_stop", "value": null, "metadata": {"file": "/home/vmagent/app/hydro.ai/modelzoo/dlrm/dlrm/dlrm_s_pytorch.py", "lineno": 1568, "first_epoch_num": 1}}
